        -:    0:Source:D:/programming/c/tac_parser/main.cpp
        -:    0:Graph:D:\programming\c\tac_parser\cmake-build-debug-coverage\CMakeFiles\tac_parser.dir\main.cpp.gcno
        -:    0:Data:D:\programming\c\tac_parser\cmake-build-debug-coverage\CMakeFiles\tac_parser.dir\main.cpp.gcda
        -:    0:Runs:1
        -:    0:Programs:1
        -:    1:#include <iostream>
        -:    2:#include <numeric>
        -:    3:
        -:    4:#include "driver/driver.hpp"
        -:    5:#include "tac_worker/dataflow_graph.hpp"
        -:    6:
        1:    7:int main(int argc, char *argv[]) {
        -:    8:
        -:    9:
        -:   10:
        -:   11:
        -:   12:
        -:   13:
        -:   14:
        -:   15://    exit(22);
        -:   16:
        1:   17:    driver drv;
        1:   17-block  0
    $$$$$:   17-block  1
        -:   18://    for (int i = 1; i < argc; ++i)
        -:   19://        if (argv[i] == std::string ("-p"))
        -:   20://            drv.trace_parsing = true;
        -:   21://        else if (argv[i] == std::string ("-s"))
        -:   22://            drv.trace_scanning = true;
        -:   23://        else if (!drv.parse (argv[i]))
        -:   24://            std::cout << "Parsing result: " << drv.result << '\n';
        -:   25://        else
        -:   26://            res = 1;
        -:   27:
        1:   28:    drv.parse("../myfile");
        1:   28-block  0
        1:   28-block  1
        1:   28-block  2
    $$$$$:   28-block  3
    $$$$$:   28-block  4
    $$$$$:   28-block  5
    $$$$$:   28-block  6
        -:   29:
        1:   30:    make_cfg(std::move(drv.labels), std::move(drv.quadruples));
        -:   31:
        1:   32:    return 0;
        1:   32-block  0
        -:   33:}
        -:   34:
        -:   35:
        -:   36:
